<?xml version="1.0" encoding="UTF-8" ?>
<testsuite tests="11" failures="0" name="org.crud.empleados.dao.PuestoDAOTestSuite" time="0.874" errors="0" skipped="0">
  <properties>
[...]
</properties>
  <testcase classname="org.crud.empleados.dao.PuestoDAOGetPuestosTest" name="testGetPuestos" time="0.44"/>
  <testcase classname="org.crud.empleados.dao.PuestoDAOTest" name="testGetPuestoById" time="0.042"/>
  <testcase classname="org.crud.empleados.dao.PuestoDAOTest" name="testGetPuestos" time="0.035"/>
  <testcase classname="org.crud.empleados.dao.PuestoDAOTest" name="testDeletePuesto" time="0.037"/>
  <testcase classname="org.crud.empleados.dao.PuestoDAOTest" name="testSavePuesto" time="0.046"/>
  <testcase classname="org.crud.empleados.dao.PuestoDAOTest" name="testPuestoExiste" time="0.039"/>
  <testcase classname="org.crud.empleados.dao.EmpleadoDAOSetPuestoTest" name="testSetPuestoToEmpleado" time="0.102"/>
  <testcase classname="org.crud.empleados.dao.PuestoDAOPuestoExisteTest" name="testPuestoExiste" time="0.033"/>
  <testcase classname="org.crud.empleados.dao.PuestoDAOGetPuestoByIdTest" name="testGetPuestoById" time="0.032"/>
  <testcase classname="org.crud.empleados.dao.PuestoDAODeletePuestoTest" name="testDeletePuesto" time="0.038"/>
  <testcase classname="org.crud.empleados.dao.PuestoDAOSavePuestoTest" name="testSavePuesto" time="0.03"/>
</testsuite>